<?xml version="1.0" encoding="UTF-8"?>
<!-- Generated by org.testng.reporters.JUnitReportReporter -->
<testsuite skipped="0" hostname="APPfo" name="com.qa.tests.ApiTest" tests="2" failures="0" timestamp="04 Apr 2019 10:53:39 GMT" time="1.651" errors="0">
  <testcase name="getApiTest" time="1.266" classname="com.qa.tests.ApiTest"/>
  <testcase name="getApiTestWithoutHeader" time="0.385" classname="com.qa.tests.ApiTest"/>
</testsuite> <!-- com.qa.tests.ApiTest -->
