<?xml version="1.0" encoding="UTF-8"?>
<!-- Generated by org.testng.reporters.JUnitReportReporter -->
<testsuite skipped="0" hostname="APPfo" name="com.qa.tests.ApiTest" tests="1" failures="0" timestamp="03 Apr 2019 07:40:49 GMT" time="2.097" errors="0">
  <testcase name="getApiTest" time="2.097" classname="com.qa.tests.ApiTest"/>
</testsuite> <!-- com.qa.tests.ApiTest -->
