<?xml version="1.0" encoding="UTF-8"?>
<!-- Generated by org.testng.reporters.JUnitReportReporter -->
<testsuite skipped="0" hostname="APPfo" name="com.qa.tests.GetApiTest" tests="2" failures="0" timestamp="04 Apr 2019 13:39:00 GMT" time="2.272" errors="0">
  <testcase name="getApiTest" time="1.509" classname="com.qa.tests.GetApiTest"/>
  <testcase name="getApiTestWithoutHeader" time="0.763" classname="com.qa.tests.GetApiTest"/>
</testsuite> <!-- com.qa.tests.GetApiTest -->
