<?xml version="1.0" encoding="UTF-8"?>
<!-- Generated by org.testng.reporters.JUnitReportReporter -->
<testsuite skipped="0" hostname="APPfo" name="com.qa.tests.PostApiTest" tests="1" failures="0" timestamp="04 Apr 2019 12:32:59 GMT" time="0.252" errors="0">
  <testcase name="postApiTest" time="0.252" classname="com.qa.tests.PostApiTest"/>
</testsuite> <!-- com.qa.tests.PostApiTest -->
